Searching for include files...
Searching for example files...
Searching for images...
Searching for dot files...
Searching for msc files...
Searching for dia files...
Searching for files to exclude
Searching for files to process...
Searching for files in directory /home/travis/build/ob-algdati-ws17/blatt-7-aufgabe-1-create-a-new-team/avl_tree
Searching for files in directory /home/travis/build/ob-algdati-ws17/blatt-7-aufgabe-1-create-a-new-team/test
Reading and parsing tag files
Parsing files
Preprocessing /home/travis/build/ob-algdati-ws17/blatt-7-aufgabe-1-create-a-new-team/avl_tree/avl_tree.cpp...
Parsing file /home/travis/build/ob-algdati-ws17/blatt-7-aufgabe-1-create-a-new-team/avl_tree/avl_tree.cpp...
Preprocessing /home/travis/build/ob-algdati-ws17/blatt-7-aufgabe-1-create-a-new-team/avl_tree/avl_tree.h...
Parsing file /home/travis/build/ob-algdati-ws17/blatt-7-aufgabe-1-create-a-new-team/avl_tree/avl_tree.h...
Preprocessing /home/travis/build/ob-algdati-ws17/blatt-7-aufgabe-1-create-a-new-team/test/main.cpp...
Parsing file /home/travis/build/ob-algdati-ws17/blatt-7-aufgabe-1-create-a-new-team/test/main.cpp...
Preprocessing /home/travis/build/ob-algdati-ws17/blatt-7-aufgabe-1-create-a-new-team/test/test_avl_tree.cpp...
Parsing file /home/travis/build/ob-algdati-ws17/blatt-7-aufgabe-1-create-a-new-team/test/test_avl_tree.cpp...
Preprocessing /home/travis/build/ob-algdati-ws17/blatt-7-aufgabe-1-create-a-new-team/test/test_avl_tree.h...
Parsing file /home/travis/build/ob-algdati-ws17/blatt-7-aufgabe-1-create-a-new-team/test/test_avl_tree.h...
Building group list...
Building directory list...
Building namespace list...
Building file list...
Building class list...
Associating documentation with classes...
Computing nesting relations for classes...
Building example list...
Searching for enumerations...
Searching for documented typedefs...
Searching for members imported via using declarations...
Searching for included using directives...
Searching for documented variables...
Building interface member list...
Building member list...
Searching for friends...
Searching for documented defines...
Computing class inheritance relations...
Computing class usage relations...
Flushing cached template relations that have become invalid...
Creating members for template instances...
Computing class relations...
Add enum values to enums...
Searching for member function documentation...
Building page list...
Search for main page...
Computing page relations...
Determining the scope of groups...
Sorting lists...
Freeing entry tree
Determining which enums are documented
Computing member relations...
Building full member lists recursively...
Adding members to member groups.
Computing member references...
Inheriting documentation...
Generating disk names...
Adding source references...
Adding xrefitems...
Sorting member lists...
Computing dependencies between directories...
Generating citations page...
Counting data structures...
Resolving user defined references...
Finding anchors and sections in the documentation...
Transferring function references...
Combining using relations...
Adding members to index pages...
Generating style sheet...
Generating search indices...
Generating example documentation...
Generating file sources...
Generating code for file /home/travis/build/ob-algdati-ws17/blatt-7-aufgabe-1-create-a-new-team/avl_tree/avl_tree.h...
Generating code for file /home/travis/build/ob-algdati-ws17/blatt-7-aufgabe-1-create-a-new-team/test/test_avl_tree.h...
Generating file documentation...
Generating page documentation...
Generating group documentation...
Generating class documentation...
Generating docs for compound avl_tree...
Generating docs for nested compound avl_tree::node...
Generating docs for compound AVLTreeTest...
Generating namespace index...
Generating graph info page...
Generating directory documentation...
Generating index page...
Generating page index...
Generating module index...
Generating namespace index...
Generating namespace member index...
Generating annotated compound index...
Generating alphabetical compound index...
Generating hierarchical class index...
Generating member index...
Generating file index...
Generating file member index...
Generating example index...
finalizing index lists...
lookup cache used 51/65536 hits=296 misses=55
finished...
